<?xml version="1.0" encoding="UTF-8"?>
<!-- Generated by org.testng.reporters.JUnitReportReporter -->
<testsuite hostname="Sahithi" failures="0" tests="1" name="com.sahithi.automation.appln.businessscripts.FpTest" time="2.621" errors="0" timestamp="2025-05-26T15:30:11 GST" skipped="0">
  <testcase classname="com.sahithi.automation.appln.businessscripts.FpTest" name="fpTest" time="2.621"/>
</testsuite> <!-- com.sahithi.automation.appln.businessscripts.FpTest -->
